<?xml version="1.0" encoding="UTF-8"?>
<testsuite xmlns:xsi="http://www.w3.org/2001/XMLSchema-instance" xsi:noNamespaceSchemaLocation="https://maven.apache.org/surefire/maven-surefire-plugin/xsd/surefire-test-report.xsd" version="3.0.2" name="tacos.TacoCloudApplicationTests" time="1.151" tests="1" errors="0" skipped="0" failures="0">
  <properties>
[...]
</properties>
  <testcase name="contextLoads" classname="tacos.TacoCloudApplicationTests" time="0.01">
    <system-out><![CDATA[2025-06-15T15:43:11.383-05:00  INFO 10848 --- [taco-cloud] [           main] t.c.s.AnnotationConfigContextLoaderUtils : Could not detect default configuration classes for test class [tacos.TacoCloudApplicationTests]: TacoCloudApplicationTests does not declare any static, non-private, non-final, nested classes annotated with @Configuration.
2025-06-15T15:43:11.390-05:00  INFO 10848 --- [taco-cloud] [           main] .b.t.c.SpringBootTestContextBootstrapper : Found @SpringBootConfiguration tacos.TacoCloudApplication for test class tacos.TacoCloudApplicationTests
2025-06-15T15:43:11.407-05:00  INFO 10848 --- [taco-cloud] [           main] o.s.b.d.r.RestartApplicationListener     : Restart disabled due to context in which it is running

  .   ____          _            __ _ _
 /\\ / ___'_ __ _ _(_)_ __  __ _ \ \ \ \
( ( )\___ | '_ | '_| | '_ \/ _` | \ \ \ \
 \\/  ___)| |_)| | | | | || (_| |  ) ) ) )
  '  |____| .__|_| |_|_| |_\__, | / / / /
 =========|_|==============|___/=/_/_/_/

 :: Spring Boot ::                (v3.5.0)

2025-06-15T15:43:11.511-05:00  INFO 10848 --- [taco-cloud] [           main] tacos.TacoCloudApplicationTests          : Starting TacoCloudApplicationTests using Java 17.0.13 with PID 10848 (started by mateo in C:\Users\mateo\Documents\workspace-spring-tools-for-eclipse-4.31.0.RELEASE\taco-cloud)
2025-06-15T15:43:11.512-05:00  INFO 10848 --- [taco-cloud] [           main] tacos.TacoCloudApplicationTests          : No active profile set, falling back to 1 default profile: "default"
2025-06-15T15:43:12.501-05:00  INFO 10848 --- [taco-cloud] [           main] tacos.TacoCloudApplicationTests          : Started TacoCloudApplicationTests in 1.095 seconds (process running for 7.595)
]]></system-out>
  </testcase>
</testsuite>